<?xml version="1.0" encoding="UTF-8"?>
<testsuite xmlns:xsi="http://www.w3.org/2001/XMLSchema-instance" xsi:noNamespaceSchemaLocation="https://maven.apache.org/surefire/maven-surefire-plugin/xsd/surefire-test-report-3.0.xsd" version="3.0" name="com.example.demo.Demo1ApplicationTests" time="3.128" tests="1" errors="0" skipped="0" failures="0">
  <properties>
[...]
</properties>
  <testcase name="contextLoads" classname="com.example.demo.Demo1ApplicationTests" time="1.02">
    <system-out><![CDATA[14:01:10.711 [main] INFO org.springframework.test.context.support.AnnotationConfigContextLoaderUtils -- Could not detect default configuration classes for test class [com.example.demo.Demo1ApplicationTests]: Demo1ApplicationTests does not declare any static, non-private, non-final, nested classes annotated with @Configuration.
14:01:10.823 [main] INFO org.springframework.boot.test.context.SpringBootTestContextBootstrapper -- Found @SpringBootConfiguration com.example.demo.Demo1Application for test class com.example.demo.Demo1ApplicationTests

  .   ____          _            __ _ _
 /\\ / ___'_ __ _ _(_)_ __  __ _ \ \ \ \
( ( )\___ | '_ | '_| | '_ \/ _` | \ \ \ \
 \\/  ___)| |_)| | | | | || (_| |  ) ) ) )
  '  |____| .__|_| |_|_| |_\__, | / / / /
 =========|_|==============|___/=/_/_/_/
 :: Spring Boot ::                (v3.2.2)

2024-02-14T14:01:11.277+01:00  INFO 11740 --- [           main] com.example.demo.Demo1ApplicationTests   : Starting Demo1ApplicationTests using Java 17.0.10 with PID 11740 (started by corso in C:\Users\corso\eclipse-workspace\demo1)
2024-02-14T14:01:11.278+01:00  INFO 11740 --- [           main] com.example.demo.Demo1ApplicationTests   : No active profile set, falling back to 1 default profile: "default"
2024-02-14T14:01:12.599+01:00  INFO 11740 --- [           main] com.example.demo.Demo1ApplicationTests   : Started Demo1ApplicationTests in 1.592 seconds (process running for 2.728)
]]></system-out>
  </testcase>
</testsuite>